<?xml version="1.0" encoding="UTF-8"?>
<!-- Generated by org.testng.reporters.JUnitXMLReporter -->
<testsuite ignored="0" hostname="LAPTOP-8EPSLGPA" failures="0" tests="2" name="Test" time="48.611" errors="0" timestamp="2024-01-17T00:21:30 IST">
  <testcase classname="coverFoxTest.CF_002Validate_Pincode_Error_Msg" name="validate_Pincode_ErrorMsg" time="0.077"/>
  <testcase classname="coverFoxTest.CF_TC555_Validate_search_results_for_healthcare_policies" name="validateTestPlansFromTextAndBanners" time="13.321"/>
</testsuite> <!-- Test -->
