<?xml version="1.0" encoding="UTF-8"?>
<!-- Generated by org.testng.reporters.JUnitXMLReporter -->
<testsuite ignored="0" hostname="LAPTOP-8EPSLGPA" failures="0" tests="2" name="Test" time="45.966" errors="0" timestamp="2024-01-11T12:54:57 IST">
  <testcase classname="coverFoxTest.CF_002Validate_Pincode_Error_Msg" name="validate_Pincode_ErrorMsg" time="0.112"/>
  <testcase classname="coverFoxTest.CF_TC555_Validate_search_results_for_healthcare_policies" name="validateTestPlansFromTextAndBanners" time="13.306"/>
</testsuite> <!-- Test -->
