<?xml version="1.0" encoding="UTF-8"?>
<testng-results ignored="0" total="2" passed="2" failed="0" skipped="0">
  <reporter-output>
    <line>
      <![CDATA[Launching Browser]]>
    </line>
    <line>
      <![CDATA[Reading data from excel sheet]]>
    </line>
    <line>
      <![CDATA[Reading data from excel sheet]]>
    </line>
    <line>
      <![CDATA[Validating Pincode Error Msg]]>
    </line>
    <line>
      <![CDATA[TC IS Passed]]>
    </line>
    <line>
      <![CDATA[Closing Browser]]>
    </line>
    <line>
      <![CDATA[Launching Browser]]>
    </line>
    <line>
      <![CDATA[clicking on gender button]]>
    </line>
    <line>
      <![CDATA[clicking on next button]]>
    </line>
    <line>
      <![CDATA[Handeling age drop down]]>
    </line>
    <line>
      <![CDATA[Reading data from excel sheet]]>
    </line>
    <line>
      <![CDATA[clicking on next button]]>
    </line>
    <line>
      <![CDATA[Entering pin code]]>
    </line>
    <line>
      <![CDATA[Reading data from excel sheet]]>
    </line>
    <line>
      <![CDATA[Entering mobile num]]>
    </line>
    <line>
      <![CDATA[Reading data from excel sheet]]>
    </line>
    <line>
      <![CDATA[clicking on continue button]]>
    </line>
    <line>
      <![CDATA[Fetching number of results from text]]>
    </line>
    <line>
      <![CDATA[Fetching number of results from banners]]>
    </line>
    <line>
      <![CDATA[TC is passed]]>
    </line>
    <line>
      <![CDATA[Taking screenshot]]>
    </line>
    <line>
      <![CDATA[Saved screenshot at E:\Testing+TCID_2024.01.11.12.54.54.png]]>
    </line>
  </reporter-output>
  <suite started-at="2024-01-11T12:54:11 IST" name="Suite" finished-at="2024-01-11T12:54:57 IST" duration-ms="45966">
    <groups>
    </groups>
    <test started-at="2024-01-11T12:54:11 IST" name="Test" finished-at="2024-01-11T12:54:57 IST" duration-ms="45966">
      <class name="coverFoxTest.CF_TC555_Validate_search_results_for_healthcare_policies">
        <test-method is-config="true" signature="launchBrowser()[pri:0, instance:coverFoxTest.CF_TC555_Validate_search_results_for_healthcare_policies@62150f9e]" started-at="2024-01-11T12:54:30 IST" name="launchBrowser" finished-at="2024-01-11T12:54:35 IST" duration-ms="4763" status="PASS">
          <reporter-output>
            <line>
              <![CDATA[Launching Browser]]>
            </line>
          </reporter-output>
        </test-method> <!-- launchBrowser -->
        <test-method is-config="true" signature="enterMemberDetails()[pri:0, instance:coverFoxTest.CF_TC555_Validate_search_results_for_healthcare_policies@62150f9e]" started-at="2024-01-11T12:54:35 IST" name="enterMemberDetails" finished-at="2024-01-11T12:54:41 IST" duration-ms="6004" status="PASS">
          <reporter-output>
            <line>
              <![CDATA[clicking on gender button]]>
            </line>
            <line>
              <![CDATA[clicking on next button]]>
            </line>
            <line>
              <![CDATA[Handeling age drop down]]>
            </line>
            <line>
              <![CDATA[Reading data from excel sheet]]>
            </line>
            <line>
              <![CDATA[clicking on next button]]>
            </line>
            <line>
              <![CDATA[Entering pin code]]>
            </line>
            <line>
              <![CDATA[Reading data from excel sheet]]>
            </line>
            <line>
              <![CDATA[Entering mobile num]]>
            </line>
            <line>
              <![CDATA[Reading data from excel sheet]]>
            </line>
            <line>
              <![CDATA[clicking on continue button]]>
            </line>
          </reporter-output>
        </test-method> <!-- enterMemberDetails -->
        <test-method signature="validateTestPlansFromTextAndBanners()[pri:0, instance:coverFoxTest.CF_TC555_Validate_search_results_for_healthcare_policies@62150f9e]" started-at="2024-01-11T12:54:41 IST" name="validateTestPlansFromTextAndBanners" finished-at="2024-01-11T12:54:54 IST" duration-ms="13306" status="PASS">
          <reporter-output>
            <line>
              <![CDATA[Fetching number of results from text]]>
            </line>
            <line>
              <![CDATA[Fetching number of results from banners]]>
            </line>
            <line>
              <![CDATA[TC is passed]]>
            </line>
            <line>
              <![CDATA[Taking screenshot]]>
            </line>
            <line>
              <![CDATA[Saved screenshot at E:\Testing+TCID_2024.01.11.12.54.54.png]]>
            </line>
          </reporter-output>
        </test-method> <!-- validateTestPlansFromTextAndBanners -->
        <test-method is-config="true" signature="closeBrowser()[pri:0, instance:coverFoxTest.CF_TC555_Validate_search_results_for_healthcare_policies@62150f9e]" started-at="2024-01-11T12:54:54 IST" name="closeBrowser" finished-at="2024-01-11T12:54:57 IST" duration-ms="3010" status="PASS">
          <reporter-output>
          </reporter-output>
        </test-method> <!-- closeBrowser -->
      </class> <!-- coverFoxTest.CF_TC555_Validate_search_results_for_healthcare_policies -->
      <class name="coverFoxTest.CF_002Validate_Pincode_Error_Msg">
        <test-method is-config="true" signature="launchBrowser()[pri:0, instance:coverFoxTest.CF_002Validate_Pincode_Error_Msg@61862a7f]" started-at="2024-01-11T12:54:12 IST" name="launchBrowser" finished-at="2024-01-11T12:54:19 IST" duration-ms="7204" status="PASS">
          <reporter-output>
            <line>
              <![CDATA[Launching Browser]]>
            </line>
          </reporter-output>
        </test-method> <!-- launchBrowser -->
        <test-method is-config="true" signature="enterUserDetails()[pri:0, instance:coverFoxTest.CF_002Validate_Pincode_Error_Msg@61862a7f]" started-at="2024-01-11T12:54:19 IST" name="enterUserDetails" finished-at="2024-01-11T12:54:25 IST" duration-ms="6505" status="PASS">
          <reporter-output>
            <line>
              <![CDATA[Reading data from excel sheet]]>
            </line>
            <line>
              <![CDATA[Reading data from excel sheet]]>
            </line>
          </reporter-output>
        </test-method> <!-- enterUserDetails -->
        <test-method signature="validate_Pincode_ErrorMsg()[pri:0, instance:coverFoxTest.CF_002Validate_Pincode_Error_Msg@61862a7f]" started-at="2024-01-11T12:54:25 IST" name="validate_Pincode_ErrorMsg" finished-at="2024-01-11T12:54:25 IST" duration-ms="112" status="PASS">
          <reporter-output>
            <line>
              <![CDATA[Validating Pincode Error Msg]]>
            </line>
            <line>
              <![CDATA[TC IS Passed]]>
            </line>
          </reporter-output>
        </test-method> <!-- validate_Pincode_ErrorMsg -->
        <test-method is-config="true" signature="closeBrowser()[pri:0, instance:coverFoxTest.CF_002Validate_Pincode_Error_Msg@61862a7f]" started-at="2024-01-11T12:54:25 IST" name="closeBrowser" finished-at="2024-01-11T12:54:30 IST" duration-ms="5018" status="PASS">
          <reporter-output>
            <line>
              <![CDATA[Closing Browser]]>
            </line>
          </reporter-output>
        </test-method> <!-- closeBrowser -->
      </class> <!-- coverFoxTest.CF_002Validate_Pincode_Error_Msg -->
    </test> <!-- Test -->
  </suite> <!-- Suite -->
</testng-results>
