<?xml version="1.0" encoding="UTF-8"?>
<testng-results ignored="0" total="1" passed="1" failed="0" skipped="0">
  <reporter-output>
    <line>
      <![CDATA[Launching Browser]]>
    </line>
    <line>
      <![CDATA[Reading data from excel sheet]]>
    </line>
    <line>
      <![CDATA[Reading data from excel sheet]]>
    </line>
    <line>
      <![CDATA[Validating Pincode Error Msg]]>
    </line>
    <line>
      <![CDATA[TC IS Passed]]>
    </line>
    <line>
      <![CDATA[Closing Browser]]>
    </line>
  </reporter-output>
  <suite started-at="2024-01-11T13:46:53 IST" name="Default suite" finished-at="2024-01-11T13:47:14 IST" duration-ms="20932">
    <groups>
    </groups>
    <test started-at="2024-01-11T13:46:53 IST" name="Default test" finished-at="2024-01-11T13:47:14 IST" duration-ms="20932">
      <class name="coverFoxTest.CF_002Validate_Pincode_Error_Msg">
        <test-method is-config="true" signature="launchBrowser()[pri:0, instance:coverFoxTest.CF_002Validate_Pincode_Error_Msg@5bf0d49]" started-at="2024-01-11T13:46:53 IST" name="launchBrowser" finished-at="2024-01-11T13:47:02 IST" duration-ms="8562" status="PASS">
          <reporter-output>
            <line>
              <![CDATA[Launching Browser]]>
            </line>
          </reporter-output>
        </test-method> <!-- launchBrowser -->
        <test-method is-config="true" signature="enterUserDetails()[pri:0, instance:coverFoxTest.CF_002Validate_Pincode_Error_Msg@5bf0d49]" started-at="2024-01-11T13:47:02 IST" name="enterUserDetails" finished-at="2024-01-11T13:47:09 IST" duration-ms="7204" status="PASS">
          <reporter-output>
            <line>
              <![CDATA[Reading data from excel sheet]]>
            </line>
            <line>
              <![CDATA[Reading data from excel sheet]]>
            </line>
          </reporter-output>
        </test-method> <!-- enterUserDetails -->
        <test-method signature="validate_Pincode_ErrorMsg()[pri:0, instance:coverFoxTest.CF_002Validate_Pincode_Error_Msg@5bf0d49]" started-at="2024-01-11T13:47:09 IST" name="validate_Pincode_ErrorMsg" finished-at="2024-01-11T13:47:09 IST" duration-ms="98" status="PASS">
          <reporter-output>
            <line>
              <![CDATA[Validating Pincode Error Msg]]>
            </line>
            <line>
              <![CDATA[TC IS Passed]]>
            </line>
          </reporter-output>
        </test-method> <!-- validate_Pincode_ErrorMsg -->
        <test-method is-config="true" signature="closeBrowser()[pri:0, instance:coverFoxTest.CF_002Validate_Pincode_Error_Msg@5bf0d49]" started-at="2024-01-11T13:47:09 IST" name="closeBrowser" finished-at="2024-01-11T13:47:14 IST" duration-ms="5024" status="PASS">
          <reporter-output>
            <line>
              <![CDATA[Closing Browser]]>
            </line>
          </reporter-output>
        </test-method> <!-- closeBrowser -->
      </class> <!-- coverFoxTest.CF_002Validate_Pincode_Error_Msg -->
    </test> <!-- Default test -->
  </suite> <!-- Default suite -->
</testng-results>
